#
# There is insufficient memory for the Java Runtime Environment to continue.
# Native memory allocation (mmap) failed to map 51380224 bytes for committing reserved memory.
# Possible reasons:
#   The system is out of physical RAM or swap space
#   The process is running with CompressedOops enabled, and the Java Heap may be blocking the growth of the native heap
# Possible solutions:
#   Reduce memory load on the system
#   Increase physical memory or swap space
#   Check if swap backing store is full
#   Decrease Java heap size (-Xmx/-Xms)
#   Decrease number of Java threads
#   Decrease Java thread stack sizes (-Xss)
#   Set larger code cache with -XX:ReservedCodeCacheSize=
#   JVM is running with Unscaled Compressed Oops mode in which the Java heap is
#     placed in the first 4GB address space. The Java Heap base address is the
#     maximum limit for the native heap growth. Please use -XX:HeapBaseMinAddress
#     to set the Java Heap base and to place the Java Heap above 4GB virtual address.
# This output file may be truncated or incomplete.
#
#  Out of Memory Error (os_linux.cpp:2756), pid=9386, tid=0x00007f782eda4700
#
# JRE version: OpenJDK Runtime Environment (8.0_212-b03) (build 1.8.0_212-8u212-b03-0ubuntu1.16.04.1-b03)
# Java VM: OpenJDK 64-Bit Server VM (25.212-b03 mixed mode linux-amd64 compressed oops)
# Failed to write core dump. Core dumps have been disabled. To enable core dumping, try "ulimit -c unlimited" before starting Java again
#

---------------  T H R E A D  ---------------

Current thread (0x00007f7840078000):  VMThread [stack: 0x00007f782eca4000,0x00007f782eda5000] [id=9403]

Stack: [0x00007f782eca4000,0x00007f782eda5000],  sp=0x00007f782eda34e0,  free space=1021k
Native frames: (J=compiled Java code, j=interpreted, Vv=VM code, C=native code)
V  [libjvm.so+0xa75a3b]
V  [libjvm.so+0x4c9e6c]
V  [libjvm.so+0x8c2798]
V  [libjvm.so+0x8b9dde]
V  [libjvm.so+0x937e46]
V  [libjvm.so+0x939173]
V  [libjvm.so+0x93583b]
V  [libjvm.so+0x935aec]
V  [libjvm.so+0x8e73e3]
V  [libjvm.so+0xa776f2]
V  [libjvm.so+0xa7c707]
V  [libjvm.so+0xa79fa7]
V  [libjvm.so+0xa7b28f]
V  [libjvm.so+0xa7b781]
V  [libjvm.so+0x8bfaf2]

VM_Operation (0x00007f7849134a30): ParallelGCFailedAllocation, mode: safepoint, requested by thread 0x00007f784000a800


---------------  P R O C E S S  ---------------

Java Threads: ( => current thread )
  0x00007f78400c8800 JavaThread "Service Thread" daemon [_thread_blocked, id=9410, stack(0x00007f782e2c5000,0x00007f782e3c6000)]
  0x00007f78400bd000 JavaThread "C1 CompilerThread2" daemon [_thread_blocked, id=9409, stack(0x00007f782e3c6000,0x00007f782e4c7000)]
  0x00007f78400bb800 JavaThread "C2 CompilerThread1" daemon [_thread_blocked, id=9408, stack(0x00007f782e4c7000,0x00007f782e5c8000)]
  0x00007f78400b8800 JavaThread "C2 CompilerThread0" daemon [_thread_blocked, id=9407, stack(0x00007f782e5c8000,0x00007f782e6c9000)]
  0x00007f78400b7000 JavaThread "Signal Dispatcher" daemon [_thread_blocked, id=9406, stack(0x00007f782e6c9000,0x00007f782e7ca000)]
  0x00007f7840084800 JavaThread "Finalizer" daemon [_thread_blocked, id=9405, stack(0x00007f782eaa2000,0x00007f782eba3000)]
  0x00007f7840082000 JavaThread "Reference Handler" daemon [_thread_blocked, id=9404, stack(0x00007f782eba3000,0x00007f782eca4000)]
  0x00007f784000a800 JavaThread "main" [_thread_blocked, id=9398, stack(0x00007f7849039000,0x00007f784913a000)]

Other Threads:
=>0x00007f7840078000 VMThread [stack: 0x00007f782eca4000,0x00007f782eda5000] [id=9403]
  0x00007f78400cb000 WatcherThread [stack: 0x00007f782e1c4000,0x00007f782e2c5000] [id=9411]

VM state:at safepoint (normal execution)

VM Mutex/Monitor currently owned by a thread:  ([mutex/lock_event])
[0x00007f7840006fe0] Threads_lock - owner thread: 0x00007f7840078000
[0x00007f78400074e0] Heap_lock - owner thread: 0x00007f784000a800

heap address: 0x00000000d1600000, size: 746 MB, Compressed Oops mode: 32-bit
Narrow klass base: 0x0000000000000000, Narrow klass shift: 3
Compressed class space size: 1073741824 Address: 0x0000000100000000

Heap:
 PSYoungGen      total 105472K, used 7102K [0x00000000f0780000, 0x00000000f7680000, 0x0000000100000000)
  eden space 97280K, 0% used [0x00000000f0780000,0x00000000f0780000,0x00000000f6680000)
  from space 8192K, 86% used [0x00000000f6680000,0x00000000f6d6f9e8,0x00000000f6e80000)
  to   space 7680K, 0% used [0x00000000f6f00000,0x00000000f6f00000,0x00000000f7680000)
 ParOldGen       total 30208K, used 10303K [0x00000000d1600000, 0x00000000d3380000, 0x00000000f0780000)
  object space 30208K, 34% used [0x00000000d1600000,0x00000000d200fcd8,0x00000000d3380000)
 Metaspace       used 24293K, capacity 24616K, committed 24704K, reserved 1071104K
  class space    used 3353K, capacity 3422K, committed 3456K, reserved 1048576K

Card table byte_map: [0x00007f7845568000,0x00007f78456de000] byte_map_base: 0x00007f7844edd000

Marking Bits: (ParMarkBitMap*) 0x00007f7848302580
 Begin Bits: [0x00007f782f8b0000, 0x00007f7830458000)
 End Bits:   [0x00007f7830458000, 0x00007f7831000000)

Polling page: 0x00007f7849155000

CodeCache: size=245760Kb used=9159Kb max_used=9180Kb free=236600Kb
 bounds [0x00007f7831000000, 0x00007f7831900000, 0x00007f7840000000]
 total_blobs=2957 nmethods=2332 adapters=538
 compilation: enabled

Compilation events (10 events):
Event: 3.674 Thread 0x00007f78400bd000 2347       3       java.util.LinkedList::linkFirst (59 bytes)
Event: 3.675 Thread 0x00007f78400bd000 nmethod 2347 0x00007f78318da190 code [0x00007f78318da300, 0x00007f78318da650]
Event: 3.680 Thread 0x00007f78400bd000 2348       3       java.beans.FeatureDescriptor::<init> (69 bytes)
Event: 3.709 Thread 0x00007f78400bd000 nmethod 2348 0x00007f78318d93d0 code [0x00007f78318d95c0, 0x00007f78318d9e58]
Event: 4.172 Thread 0x00007f78400bd000 2350       2       java.util.LinkedList::addAll (182 bytes)
Event: 4.182 Thread 0x00007f78400bd000 nmethod 2350 0x00007f78318d8950 code [0x00007f78318d8b00, 0x00007f78318d8ff8]
Event: 4.182 Thread 0x00007f78400bd000 2351       2       java.util.LinkedList$ListItr::set (28 bytes)
Event: 4.184 Thread 0x00007f78400bd000 nmethod 2351 0x00007f78318d82d0 code [0x00007f78318d8460, 0x00007f78318d8758]
Event: 4.184 Thread 0x00007f78400bd000 2353       2       org.codehaus.groovy.reflection.ClassInfo::getWeakMetaClass (21 bytes)
Event: 4.184 Thread 0x00007f78400bd000 nmethod 2353 0x00007f78318d7e90 code [0x00007f78318d8000, 0x00007f78318d81e8]

GC Heap History (10 events):
Event: 1.321 GC heap after
Heap after GC invocations=5 (full 0):
 PSYoungGen      total 26624K, used 2032K [0x00000000f0780000, 0x00000000f4380000, 0x0000000100000000)
  eden space 24576K, 0% used [0x00000000f0780000,0x00000000f0780000,0x00000000f1f80000)
  from space 2048K, 99% used [0x00000000f1f80000,0x00000000f217c030,0x00000000f2180000)
  to   space 6144K, 0% used [0x00000000f3d80000,0x00000000f3d80000,0x00000000f4380000)
 ParOldGen       total 32768K, used 7904K [0x00000000d1600000, 0x00000000d3600000, 0x00000000f0780000)
  object space 32768K, 24% used [0x00000000d1600000,0x00000000d1db81a8,0x00000000d3600000)
 Metaspace       used 13882K, capacity 14048K, committed 14208K, reserved 1060864K
  class space    used 1813K, capacity 1888K, committed 1920K, reserved 1048576K
}
Event: 1.719 GC heap before
{Heap before GC invocations=6 (full 0):
 PSYoungGen      total 26624K, used 26608K [0x00000000f0780000, 0x00000000f4380000, 0x0000000100000000)
  eden space 24576K, 100% used [0x00000000f0780000,0x00000000f1f80000,0x00000000f1f80000)
  from space 2048K, 99% used [0x00000000f1f80000,0x00000000f217c030,0x00000000f2180000)
  to   space 6144K, 0% used [0x00000000f3d80000,0x00000000f3d80000,0x00000000f4380000)
 ParOldGen       total 32768K, used 7904K [0x00000000d1600000, 0x00000000d3600000, 0x00000000f0780000)
  object space 32768K, 24% used [0x00000000d1600000,0x00000000d1db81a8,0x00000000d3600000)
 Metaspace       used 16490K, capacity 16652K, committed 16896K, reserved 1064960K
  class space    used 2198K, capacity 2243K, committed 2304K, reserved 1048576K
Event: 1.726 GC heap after
Heap after GC invocations=6 (full 0):
 PSYoungGen      total 54784K, used 5235K [0x00000000f0780000, 0x00000000f4480000, 0x0000000100000000)
  eden space 48640K, 0% used [0x00000000f0780000,0x00000000f0780000,0x00000000f3700000)
  from space 6144K, 85% used [0x00000000f3d80000,0x00000000f429ce48,0x00000000f4380000)
  to   space 6656K, 0% used [0x00000000f3700000,0x00000000f3700000,0x00000000f3d80000)
 ParOldGen       total 32768K, used 7912K [0x00000000d1600000, 0x00000000d3600000, 0x00000000f0780000)
  object space 32768K, 24% used [0x00000000d1600000,0x00000000d1dba1a8,0x00000000d3600000)
 Metaspace       used 16490K, capacity 16652K, committed 16896K, reserved 1064960K
  class space    used 2198K, capacity 2243K, committed 2304K, reserved 1048576K
}
Event: 2.335 GC heap before
{Heap before GC invocations=7 (full 0):
 PSYoungGen      total 54784K, used 53875K [0x00000000f0780000, 0x00000000f4480000, 0x0000000100000000)
  eden space 48640K, 100% used [0x00000000f0780000,0x00000000f3700000,0x00000000f3700000)
  from space 6144K, 85% used [0x00000000f3d80000,0x00000000f429ce48,0x00000000f4380000)
  to   space 6656K, 0% used [0x00000000f3700000,0x00000000f3700000,0x00000000f3d80000)
 ParOldGen       total 32768K, used 7912K [0x00000000d1600000, 0x00000000d3600000, 0x00000000f0780000)
  object space 32768K, 24% used [0x00000000d1600000,0x00000000d1dba1a8,0x00000000d3600000)
 Metaspace       used 20475K, capacity 20740K, committed 20864K, reserved 1067008K
  class space    used 2747K, capacity 2834K, committed 2944K, reserved 1048576K
Event: 2.349 GC heap after
Heap after GC invocations=7 (full 0):
 PSYoungGen      total 55296K, used 6653K [0x00000000f0780000, 0x00000000f7780000, 0x0000000100000000)
  eden space 48640K, 0% used [0x00000000f0780000,0x00000000f0780000,0x00000000f3700000)
  from space 6656K, 99% used [0x00000000f3700000,0x00000000f3d7f638,0x00000000f3d80000)
  to   space 8704K, 0% used [0x00000000f6f00000,0x00000000f6f00000,0x00000000f7780000)
 ParOldGen       total 32768K, used 9315K [0x00000000d1600000, 0x00000000d3600000, 0x00000000f0780000)
  object space 32768K, 28% used [0x00000000d1600000,0x00000000d1f18d78,0x00000000d3600000)
 Metaspace       used 20475K, capacity 20740K, committed 20864K, reserved 1067008K
  class space    used 2747K, capacity 2834K, committed 2944K, reserved 1048576K
}
Event: 2.446 GC heap before
{Heap before GC invocations=8 (full 0):
 PSYoungGen      total 55296K, used 13464K [0x00000000f0780000, 0x00000000f7780000, 0x0000000100000000)
  eden space 48640K, 14% used [0x00000000f0780000,0x00000000f0e26a18,0x00000000f3700000)
  from space 6656K, 99% used [0x00000000f3700000,0x00000000f3d7f638,0x00000000f3d80000)
  to   space 8704K, 0% used [0x00000000f6f00000,0x00000000f6f00000,0x00000000f7780000)
 ParOldGen       total 32768K, used 9315K [0x00000000d1600000, 0x00000000d3600000, 0x00000000f0780000)
  object space 32768K, 28% used [0x00000000d1600000,0x00000000d1f18d78,0x00000000d3600000)
 Metaspace       used 21006K, capacity 21232K, committed 21296K, reserved 1067008K
  class space    used 2847K, capacity 2932K, committed 2944K, reserved 1048576K
Event: 2.461 GC heap after
Heap after GC invocations=8 (full 0):
 PSYoungGen      total 104960K, used 4193K [0x00000000f0780000, 0x00000000f7680000, 0x0000000100000000)
  eden space 97280K, 0% used [0x00000000f0780000,0x00000000f0780000,0x00000000f6680000)
  from space 7680K, 54% used [0x00000000f6f00000,0x00000000f73184a8,0x00000000f7680000)
  to   space 8192K, 0% used [0x00000000f6680000,0x00000000f6680000,0x00000000f6e80000)
 ParOldGen       total 32768K, used 9908K [0x00000000d1600000, 0x00000000d3600000, 0x00000000f0780000)
  object space 32768K, 30% used [0x00000000d1600000,0x00000000d1fad310,0x00000000d3600000)
 Metaspace       used 21006K, capacity 21232K, committed 21296K, reserved 1067008K
  class space    used 2847K, capacity 2932K, committed 2944K, reserved 1048576K
}
Event: 2.461 GC heap before
{Heap before GC invocations=9 (full 1):
 PSYoungGen      total 104960K, used 4193K [0x00000000f0780000, 0x00000000f7680000, 0x0000000100000000)
  eden space 97280K, 0% used [0x00000000f0780000,0x00000000f0780000,0x00000000f6680000)
  from space 7680K, 54% used [0x00000000f6f00000,0x00000000f73184a8,0x00000000f7680000)
  to   space 8192K, 0% used [0x00000000f6680000,0x00000000f6680000,0x00000000f6e80000)
 ParOldGen       total 32768K, used 9908K [0x00000000d1600000, 0x00000000d3600000, 0x00000000f0780000)
  object space 32768K, 30% used [0x00000000d1600000,0x00000000d1fad310,0x00000000d3600000)
 Metaspace       used 21006K, capacity 21232K, committed 21296K, reserved 1067008K
  class space    used 2847K, capacity 2932K, committed 2944K, reserved 1048576K
Event: 2.521 GC heap after
Heap after GC invocations=9 (full 1):
 PSYoungGen      total 104960K, used 0K [0x00000000f0780000, 0x00000000f7680000, 0x0000000100000000)
  eden space 97280K, 0% used [0x00000000f0780000,0x00000000f0780000,0x00000000f6680000)
  from space 7680K, 0% used [0x00000000f6f00000,0x00000000f6f00000,0x00000000f7680000)
  to   space 8192K, 0% used [0x00000000f6680000,0x00000000f6680000,0x00000000f6e80000)
 ParOldGen       total 30208K, used 10295K [0x00000000d1600000, 0x00000000d3380000, 0x00000000f0780000)
  object space 30208K, 34% used [0x00000000d1600000,0x00000000d200dcd8,0x00000000d3380000)
 Metaspace       used 21006K, capacity 21232K, committed 21296K, reserved 1067008K
  class space    used 2847K, capacity 2932K, committed 2944K, reserved 1048576K
}
Event: 4.365 GC heap before
{Heap before GC invocations=10 (full 1):
 PSYoungGen      total 104960K, used 97280K [0x00000000f0780000, 0x00000000f7680000, 0x0000000100000000)
  eden space 97280K, 100% used [0x00000000f0780000,0x00000000f6680000,0x00000000f6680000)
  from space 7680K, 0% used [0x00000000f6f00000,0x00000000f6f00000,0x00000000f7680000)
  to   space 8192K, 0% used [0x00000000f6680000,0x00000000f6680000,0x00000000f6e80000)
 ParOldGen       total 30208K, used 10295K [0x00000000d1600000, 0x00000000d3380000, 0x00000000f0780000)
  object space 30208K, 34% used [0x00000000d1600000,0x00000000d200dcd8,0x00000000d3380000)
 Metaspace       used 24293K, capacity 24616K, committed 24704K, reserved 1071104K
  class space    used 3353K, capacity 3422K, committed 3456K, reserved 1048576K

Deoptimization events (10 events):
Event: 1.638 Thread 0x00007f784000a800 Uncommon trap: reason=class_check action=maybe_recompile pc=0x00007f783138b410 method=sun.misc.URLClassPath.getLoader(I)Lsun/misc/URLClassPath$Loader; @ 239
Event: 1.774 Thread 0x00007f784000a800 Uncommon trap: reason=unstable_if action=reinterpret pc=0x00007f78313f9e8c method=java.util.HashMap.hash(Ljava/lang/Object;)I @ 1
Event: 1.940 Thread 0x00007f784000a800 Uncommon trap: reason=unstable_if action=reinterpret pc=0x00007f7831414974 method=java.util.LinkedHashMap.afterNodeInsertion(Z)V @ 1
Event: 2.099 Thread 0x00007f784000a800 Uncommon trap: reason=class_check action=maybe_recompile pc=0x00007f783138b10c method=sun.misc.URLClassPath.getLoader(I)Lsun/misc/URLClassPath$Loader; @ 94
Event: 2.106 Thread 0x00007f784000a800 Uncommon trap: reason=class_check action=maybe_recompile pc=0x00007f7831376814 method=sun.misc.URLClassPath.getLoader(I)Lsun/misc/URLClassPath$Loader; @ 239
Event: 2.311 Thread 0x00007f784000a800 Uncommon trap: reason=unstable_if action=reinterpret pc=0x00007f783126eabc method=java.io.UnixFileSystem.resolve(Ljava/lang/String;Ljava/lang/String;)Ljava/lang/String; @ 18
Event: 3.383 Thread 0x00007f784000a800 Uncommon trap: reason=bimorphic action=maybe_recompile pc=0x00007f7831661fd8 method=org.codehaus.groovy.runtime.metaclass.MetaMethodIndex.addMethodToList(Ljava/lang/Object;Lgroovy/lang/MetaMethod;)Ljava/lang/Object; @ 126
Event: 3.384 Thread 0x00007f784000a800 Uncommon trap: reason=bimorphic action=maybe_recompile pc=0x00007f7831661fd8 method=org.codehaus.groovy.runtime.metaclass.MetaMethodIndex.addMethodToList(Ljava/lang/Object;Lgroovy/lang/MetaMethod;)Ljava/lang/Object; @ 126
Event: 3.384 Thread 0x00007f784000a800 Uncommon trap: reason=bimorphic action=maybe_recompile pc=0x00007f7831661fd8 method=org.codehaus.groovy.runtime.metaclass.MetaMethodIndex.addMethodToList(Ljava/lang/Object;Lgroovy/lang/MetaMethod;)Ljava/lang/Object; @ 126
Event: 3.385 Thread 0x00007f784000a800 Uncommon trap: reason=bimorphic action=maybe_recompile pc=0x00007f7831661fd8 method=org.codehaus.groovy.runtime.metaclass.MetaMethodIndex.addMethodToList(Ljava/lang/Object;Lgroovy/lang/MetaMethod;)Ljava/lang/Object; @ 126

Classes redefined (0 events):
No events

Internal exceptions (10 events):
Event: 3.624 Thread 0x00007f784000a800 Exception <a 'java/lang/ClassNotFoundException': java/util/HashMapCustomizer> (0x00000000f62cc0a8) thrown at [/build/openjdk-8-lHVHKD/openjdk-8-8u212-b03/src/hotspot/src/share/vm/classfile/systemDictionary.cpp, line 210]
Event: 3.630 Thread 0x00007f784000a800 Exception <a 'java/lang/ClassNotFoundException': java/util/LinkedHashMapCustomizer> (0x00000000f62eddc0) thrown at [/build/openjdk-8-lHVHKD/openjdk-8-8u212-b03/src/hotspot/src/share/vm/classfile/systemDictionary.cpp, line 210]
Event: 3.677 Thread 0x00007f784000a800 Exception <a 'java/lang/ClassNotFoundException': org/gradle/api/tasks/JavaExec_DecoratedBeanInfo> (0x00000000f6469650) thrown at [/build/openjdk-8-lHVHKD/openjdk-8-8u212-b03/src/hotspot/src/share/vm/classfile/systemDictionary.cpp, line 210]
Event: 3.678 Thread 0x00007f784000a800 Exception <a 'java/lang/ClassNotFoundException': org/gradle/api/tasks/JavaExecBeanInfo> (0x00000000f6485600) thrown at [/build/openjdk-8-lHVHKD/openjdk-8-8u212-b03/src/hotspot/src/share/vm/classfile/systemDictionary.cpp, line 210]
Event: 3.679 Thread 0x00007f784000a800 Exception <a 'java/lang/ClassNotFoundException': org/gradle/api/tasks/JavaExecCustomizer> (0x00000000f64a2028) thrown at [/build/openjdk-8-lHVHKD/openjdk-8-8u212-b03/src/hotspot/src/share/vm/classfile/systemDictionary.cpp, line 210]
Event: 3.875 Thread 0x00007f784000a800 Exception <a 'java/lang/ClassNotFoundException': org/gradle/api/tasks/JavaExec_DecoratedCustomizer> (0x00000000f651d9d0) thrown at [/build/openjdk-8-lHVHKD/openjdk-8-8u212-b03/src/hotspot/src/share/vm/classfile/systemDictionary.cpp, line 210]
Event: 4.179 Thread 0x00007f784000a800 Exception <a 'java/lang/ClassNotFoundException': org/gradle/api/internal/plugins/PluginAwareInternalBeanInfo> (0x00000000f66073f8) thrown at [/build/openjdk-8-lHVHKD/openjdk-8-8u212-b03/src/hotspot/src/share/vm/classfile/systemDictionary.cpp, line 210]
Event: 4.181 Thread 0x00007f784000a800 Exception <a 'java/lang/ClassNotFoundException': org/gradle/api/internal/plugins/PluginAwareInternalCustomizer> (0x00000000f662d608) thrown at [/build/openjdk-8-lHVHKD/openjdk-8-8u212-b03/src/hotspot/src/share/vm/classfile/systemDictionary.cpp, line 210]
Event: 4.184 Thread 0x00007f784000a800 Exception <a 'java/lang/ClassNotFoundException': org/gradle/api/plugins/PluginAwareBeanInfo> (0x00000000f6658060) thrown at [/build/openjdk-8-lHVHKD/openjdk-8-8u212-b03/src/hotspot/src/share/vm/classfile/systemDictionary.cpp, line 210]
Event: 4.185 Thread 0x00007f784000a800 Exception <a 'java/lang/ClassNotFoundException': org/gradle/api/plugins/PluginAwareCustomizer> (0x00000000f6676d98) thrown at [/build/openjdk-8-lHVHKD/openjdk-8-8u212-b03/src/hotspot/src/share/vm/classfile/systemDictionary.cpp, line 210]

Events (10 events):
Event: 4.184 loading class org/gradle/api/plugins/PluginAwareCustomizer done
Event: 4.184 loading class org/gradle/api/plugins/PluginAwareCustomizer
Event: 4.184 loading class org/gradle/api/plugins/PluginAwareCustomizer done
Event: 4.184 loading class org/gradle/api/plugins/PluginAwareCustomizer
Event: 4.184 loading class org/gradle/api/plugins/PluginAwareCustomizer done
Event: 4.185 loading class org/gradle/api/plugins/PluginAwareCustomizer
Event: 4.185 loading class org/gradle/api/plugins/PluginAwareCustomizer done
Event: 4.190 loading class groovy/runtime/metaclass/org/gradle/api/internal/project/ProjectInternalMetaClass
Event: 4.190 loading class groovy/runtime/metaclass/org/gradle/api/internal/project/ProjectInternalMetaClass done
Event: 4.231 Executing VM operation: ParallelGCFailedAllocation


Dynamic libraries:
00400000-00401000 r-xp 00000000 08:01 159744                             /usr/lib/jvm/java-8-openjdk-amd64/jre/bin/java
00600000-00601000 r--p 00000000 08:01 159744                             /usr/lib/jvm/java-8-openjdk-amd64/jre/bin/java
00601000-00602000 rw-p 00001000 08:01 159744                             /usr/lib/jvm/java-8-openjdk-amd64/jre/bin/java
019d8000-019f9000 rw-p 00000000 00:00 0                                  [heap]
d1600000-d3380000 rw-p 00000000 00:00 0 
d3380000-f0780000 ---p 00000000 00:00 0 
f0780000-f7680000 rw-p 00000000 00:00 0 
fa780000-100000000 ---p 00000000 00:00 0 
100000000-100360000 rw-p 00000000 00:00 0 
100360000-140000000 ---p 00000000 00:00 0 
7f77f0000000-7f77f0021000 rw-p 00000000 00:00 0 
7f77f0021000-7f77f4000000 ---p 00000000 00:00 0 
7f77f8000000-7f77f8c0f000 rw-p 00000000 00:00 0 
7f77f8c0f000-7f77fc000000 ---p 00000000 00:00 0 
7f77fc000000-7f77fc021000 rw-p 00000000 00:00 0 
7f77fc021000-7f7800000000 ---p 00000000 00:00 0 
7f7800000000-7f7801d71000 rw-p 00000000 00:00 0 
7f7801d71000-7f7804000000 ---p 00000000 00:00 0 
7f7804000000-7f7805f11000 rw-p 00000000 00:00 0 
7f7805f11000-7f7808000000 ---p 00000000 00:00 0 
7f7808000000-7f7808021000 rw-p 00000000 00:00 0 
7f7808021000-7f780c000000 ---p 00000000 00:00 0 
7f780c000000-7f780c021000 rw-p 00000000 00:00 0 
7f780c021000-7f7810000000 ---p 00000000 00:00 0 
7f7810000000-7f7810021000 rw-p 00000000 00:00 0 
7f7810021000-7f7814000000 ---p 00000000 00:00 0 
7f7814000000-7f7814021000 rw-p 00000000 00:00 0 
7f7814021000-7f7818000000 ---p 00000000 00:00 0 
7f7818000000-7f7818021000 rw-p 00000000 00:00 0 
7f7818021000-7f781c000000 ---p 00000000 00:00 0 
7f781c000000-7f781c021000 rw-p 00000000 00:00 0 
7f781c021000-7f7820000000 ---p 00000000 00:00 0 
7f7820000000-7f7820021000 rw-p 00000000 00:00 0 
7f7820021000-7f7824000000 ---p 00000000 00:00 0 
7f7824fff000-7f7828000000 rw-p 00000000 00:00 0 
7f7828000000-7f782802f000 rw-p 00000000 00:00 0 
7f782802f000-7f782c000000 ---p 00000000 00:00 0 
7f782c013000-7f782c0d3000 rw-p 00000000 00:00 0 
7f782c0d3000-7f782c213000 ---p 00000000 00:00 0 
7f782c213000-7f782c413000 rw-p 00000000 00:00 0 
7f782c413000-7f782c613000 rw-p 00000000 00:00 0 
7f782c7b8000-7f782c9b8000 rw-p 00000000 00:00 0 
7f782c9b8000-7f782c9c9000 r-xp 00000000 08:01 159771                     /usr/lib/jvm/java-8-openjdk-amd64/jre/lib/amd64/libnio.so
7f782c9c9000-7f782cbc8000 ---p 00011000 08:01 159771                     /usr/lib/jvm/java-8-openjdk-amd64/jre/lib/amd64/libnio.so
7f782cbc8000-7f782cbc9000 r--p 00010000 08:01 159771                     /usr/lib/jvm/java-8-openjdk-amd64/jre/lib/amd64/libnio.so
7f782cbc9000-7f782cbca000 rw-p 00011000 08:01 159771                     /usr/lib/jvm/java-8-openjdk-amd64/jre/lib/amd64/libnio.so
7f782cbca000-7f782cdca000 rw-p 00000000 00:00 0 
7f782cdca000-7f782cde0000 r-xp 00000000 08:01 159798                     /usr/lib/jvm/java-8-openjdk-amd64/jre/lib/amd64/libnet.so
7f782cde0000-7f782cfe0000 ---p 00016000 08:01 159798                     /usr/lib/jvm/java-8-openjdk-amd64/jre/lib/amd64/libnet.so
7f782cfe0000-7f782cfe1000 r--p 00016000 08:01 159798                     /usr/lib/jvm/java-8-openjdk-amd64/jre/lib/amd64/libnet.so
7f782cfe1000-7f782cfe2000 rw-p 00017000 08:01 159798                     /usr/lib/jvm/java-8-openjdk-amd64/jre/lib/amd64/libnet.so
7f782cfe2000-7f782d1e2000 rw-p 00000000 00:00 0 
7f782d1e2000-7f782d25c000 r--s 01103000 08:01 160143                     /usr/lib/jvm/java-8-openjdk-amd64/lib/tools.jar
7f782d25c000-7f782d45c000 rw-p 00000000 00:00 0 
7f782d45c000-7f782d45e000 r--s 00005000 08:01 300771                     /usr/share/java/gradle-tooling-api-builders-2.10.jar
7f782d45e000-7f782d45f000 r--s 00004000 08:01 300751                     /usr/share/java/gradle-resources-sftp-2.10.jar
7f782d45f000-7f782d460000 r--s 00001000 08:01 300749                     /usr/share/java/gradle-plugin-development-2.10.jar
7f782d460000-7f782d462000 r--s 00005000 08:01 300774                     /usr/share/java/gradle-testing-native-2.10.jar
7f782d462000-7f782d466000 r--s 0002b000 08:01 300752                     /usr/share/java/gradle-ide-native-2.10.jar
7f782d466000-7f782d46b000 r--s 0001a000 08:01 300760                     /usr/share/java/gradle-language-native-2.10.jar
7f782d46b000-7f782d471000 r--s 00027000 08:01 300753                     /usr/share/java/gradle-platform-play-2.10.jar
7f782d471000-7f782d47e000 r--s 0004f000 08:01 300764                     /usr/share/java/gradle-platform-native-2.10.jar
7f782d47e000-7f782d481000 r--s 00007000 08:01 300755                     /usr/share/java/gradle-language-scala-2.10.jar
7f782d481000-7f782d483000 r--s 00009000 08:01 300757                     /usr/share/java/gradle-language-groovy-2.10.jar
7f782d483000-7f782d489000 r--s 00023000 08:01 300765                     /usr/share/java/gradle-language-java-2.10.jar
7f782d489000-7f782d48b000 r--s 00008000 08:01 300768                     /usr/share/java/gradle-language-jvm-2.10.jar
7f782d48b000-7f782d48e000 r--s 00015000 08:01 300777                     /usr/share/java/gradle-platform-jvm-2.10.jar
7f782d48e000-7f782d496000 r--s 0002b000 08:01 300772                     /usr/share/java/gradle-platform-base-2.10.jar
7f782d496000-7f782d49a000 r--s 00020000 08:01 300769                     /usr/share/java/gradle-build-init-2.10.jar
7f782d49a000-7f782d49d000 r--s 00017000 08:01 300778                     /usr/share/java/gradle-jacoco-2.10.jar
7f782d49d000-7f782d4a0000 r--s 0000e000 08:01 300761                     /usr/share/java/gradle-ivy-2.10.jar
7f782d4a0000-7f782d4a2000 r--s 00002000 08:01 300746                     /usr/share/java/gradle-publish-2.10.jar
7f782d4a2000-7f782d4a4000 r--s 00011000 08:01 300775                     /usr/share/java/gradle-reporting-2.10.jar
7f782d4a4000-7f782d4aa000 r--s 00036000 08:01 300759                     /usr/share/java/gradle-diagnostics-2.10.jar
7f782d4aa000-7f782d4ab000 r--s 00006000 08:01 300015                     /usr/share/java/gradle-wrapper-2.10.jar
7f782d4ab000-7f782d4b7000 r--s 0003a000 08:01 300019                     /usr/share/java/gradle-tooling-api-2.10.jar
7f782d4b7000-7f782d4ba000 r--s 00015000 08:01 300777                     /usr/share/java/gradle-platform-jvm-2.10.jar
7f782d4ba000-7f782d4bc000 r--s 00008000 08:01 300768                     /usr/share/java/gradle-language-jvm-2.10.jar
7f782d4bc000-7f782d4c2000 r--s 00023000 08:01 300765                     /usr/share/java/gradle-language-java-2.10.jar
7f782d4c2000-7f782d4c4000 r--s 00009000 08:01 300757                     /usr/share/java/gradle-language-groovy-2.10.jar
7f782d4c4000-7f782d4c6000 r--s 00005000 08:01 300105                     /usr/share/java/jatl.jar
7f782d4c6000-7f782d4c8000 r--s 00011000 08:01 300775                     /usr/share/java/gradle-reporting-2.10.jar
7f782d4c8000-7f782d4d0000 r--s 0002b000 08:01 300772                     /usr/share/java/gradle-platform-base-2.10.jar
7f782d4d0000-7f782d4d6000 r--s 00036000 08:01 300759                     /usr/share/java/gradle-diagnostics-2.10.jar
7f782d4d6000-7f782d4f1000 r--s 000c9000 08:01 300773                     /usr/share/java/gradle-dependency-management-2.10.jar
7f782d4f1000-7f782d4fd000 r--s 00073000 08:01 300762                     /usr/share/java/gradle-plugins-2.10.jar
7f782d4fd000-7f782d4ff000 r--s 0000b000 08:01 300779                     /usr/share/java/gradle-ear-2.10.jar
7f782d4ff000-7f782d536000 r--s 001bb000 08:01 300007                     /usr/share/java/gradle-core-2.10.jar
7f782d536000-7f782d53d000 r--s 0002d000 08:01 300758                     /usr/share/java/gradle-build-comparison-2.10.jar
7f782d53d000-7f782d54a000 r--s 0010b000 08:01 300679                     /usr/share/java/js-1.7R4.jar
7f782d54a000-7f782d54e000 r--s 00015000 08:01 300763                     /usr/share/java/gradle-javascript-2.10.jar
7f782d54e000-7f782d550000 r--s 0000b000 08:01 300779                     /usr/share/java/gradle-ear-2.10.jar
7f782d550000-7f782d557000 r--s 00034000 08:01 300092                     /usr/share/java/bcpg-1.51.jar
7f782d557000-7f782d55a000 r--s 00016000 08:01 300754                     /usr/share/java/gradle-signing-2.10.jar
7f782d55a000-7f782d55c000 r--s 00010000 08:01 300780                     /usr/share/java/gradle-scala-2.10.jar
7f782d55c000-7f782d55e000 r--s 0000a000 08:01 300750                     /usr/share/java/gradle-announce-2.10.jar
7f782d55e000-7f782d56c000 r--s 0009f000 08:01 300776                     /usr/share/java/gradle-ide-2.10.jar
7f782d56c000-7f782d56e000 r--s 0000d000 08:01 300676                     /usr/share/java/pmaven-groovy-0.8-tobrien-SNAPSHOT.jar
7f782d56e000-7f782d56f000 r--s 00004000 08:01 300675                     /usr/share/java/pmaven-common-0.8-tobrien-SNAPSHOT.jar
7f782d56f000-7f782d575000 r--s 00022000 08:01 300756                     /usr/share/java/gradle-maven-2.10.jar
7f782d575000-7f782d595000 r--s 001b8000 08:01 299624                     /usr/share/java/bndlib-2.4.1.jar
7f782d595000-7f782d597000 r--s 00004000 08:01 300747                     /usr/share/java/gradle-osgi-2.10.jar
7f782d597000-7f782d599000 r--s 00008000 08:01 300748                     /usr/share/java/gradle-antlr-2.10.jar
7f782d599000-7f782d59b000 r--s 00005000 08:01 300244                     /usr/share/java/jetty-naming-6.1.26.jar
7f782d59b000-7f782d59c000 r--s 00002000 08:01 300246                     /usr/share/java/jetty-annotations-6.1.26.jar
7f782d59c000-7f782d59f000 r--s 0000d000 08:01 299614                     /usr/share/java/jsp-api-2.3.jar
7f782d59f000-7f782d5a1000 r--s 00012000 08:01 299617                     /usr/share/java/el-api-3.0.jar
7f782d5a1000-7f782d5b1000 r--s 00194000 08:01 300152                     /usr/share/java/eclipse-ecj-3.10.0.jar
7f782d5b1000-7f782d5b8000 r--s 00089000 08:01 300698                     /usr/share/java/tomcat8-jasper-8.0.32.jar
7f782d5b8000-7f782d5b9000 r--s 00002000 08:01 300238                     /usr/share/java/geronimo-jta_1.1_spec-1.1.1.jar
7f782d5b9000-7f782d5c2000 r--s 0008b000 08:01 300138                     /usr/share/java/javax.mail.jar
7f782d5c2000-7f782d5c4000 r--s 0000c000 08:01 300245                     /usr/share/java/jetty-plus-6.1.26.jar
7f782d5c4000-7f782d5c8000 r--s 00038000 08:01 299615                     /usr/share/java/servlet-api-3.1.jar
7f782d5c8000-7f782d5cb000 r--s 00028000 08:01 300113                     /usr/share/java/jetty-util-6.1.26.jar
7f782d5cb000-7f782d5d2000 r--s 0007c000 08:01 300115                     /usr/share/java/jetty-6.1.26.jar
7f782d5d2000-7f782d5d4000 r--s 00009000 08:01 300767                     /usr/share/java/gradle-jetty-2.10.jar
7f782d5d4000-7f782d5da000 r--s 00037000 08:01 300745                     /usr/share/java/gradle-code-quality-2.10.jar
7f782d5da000-7f782d5dc000 r--s 0000a000 08:01 299662                     /usr/share/java/commons-cli-1.3.1.jar
7f782d5dc000-7f782d5df000 r--s 0000d000 08:01 300733                     /usr/share/java/jcommander.jar
7f782d5df000-7f782d5ed000 r--s 000c8000 08:01 300737                     /usr/share/java/testng.jar
7f782d5ed000-7f782d5ef000 r--s 0000a000 08:01 299632                     /usr/share/java/hamcrest-core-1.3.jar
7f782d5ef000-7f782d5f7000 r--s 00045000 08:01 299642                     /usr/share/java/junit4-4.12.jar
7f782d5f7000-7f782d603000 r--s 00073000 08:01 300762                     /usr/share/java/gradle-plugins-2.10.jar
7f782d603000-7f782d60a000 r--s 00044000 08:01 299804                     /usr/share/java/httpcore.jar
7f782d60a000-7f782d610000 r--s 0005b000 08:01 299813                     /usr/share/java/jcifs-1.3.18.jar
7f782d610000-7f782d617000 r--s 00040000 08:01 299801                     /usr/share/java/commons-codec-1.10.jar
7f782d617000-7f782d620000 r--s 00031000 08:01 299962                     /usr/share/java/xml-apis-1.4.01.jar
7f782d620000-7f782d622000 r--s 00015000 08:01 299959                     /usr/share/java/xml-resolver-1.2.jar
7f782d622000-7f782d627000 r--s 00010000 08:01 299961                     /usr/share/java/xml-apis-ext-1.4.01.jar
7f782d627000-7f782d640000 r--s 00132000 08:01 299968                     /usr/share/java/xercesImpl-2.11.0.jar
7f782d640000-7f782d643000 r--s 0001c000 08:01 299972                     /usr/share/java/nekohtml-1.9.22.jar
7f782d643000-7f782d650000 r--s 000a5000 08:01 299808                     /usr/share/java/httpclient.jar
7f782d650000-7f782d652000 r--s 00009000 08:01 300781                     /usr/share/java/gradle-resources-http-2.10.jar
7f782d652000-7f782d655000 r--s 00011000 08:01 300766                     /usr/share/java/gradle-plugin-use-2.10.jar
7f782d655000-7f782d658000 r--s 00032000 08:01 300314                     /usr/share/java/plexus-utils-1.5.15.jar
7f782d658000-7f782d65a000 r--s 00000000 08:01 300448                     /usr/share/java/plexus-component-annotations-1.5.jar
7f782d65a000-7f782d65c000 r--s 0000a000 08:01 300638                     /usr/share/java/maven3-plugin-api-3.3.9.jar
7f782d65c000-7f782d663000 r--s 0005d000 08:01 300383                     /usr/share/java/commons-lang3.jar
7f782d663000-7f782d668000 r--s 00025000 08:01 300642                     /usr/share/java/maven3-model-builder-3.3.9.jar
7f782d668000-7f782d669000 r--s 00006000 08:01 300493                     /usr/share/java/plexus-sec-dispatcher.jar
7f782d669000-7f782d66b000 r--s 0000e000 08:01 300312                     /usr/share/java/plexus-interpolation.jar
7f782d66b000-7f782d66d000 r--s 0000d000 08:01 300645                     /usr/share/java/maven3-aether-provider-3.3.9.jar
7f782d66d000-7f782d66e000 r--s 00006000 08:01 300641                     /usr/share/java/maven3-repository-metadata-3.3.9.jar
7f782d66e000-7f782d671000 r--s 0000a000 08:01 300648                     /usr/share/java/maven3-artifact-3.3.9.jar
7f782d671000-7f782d676000 r--s 0001d000 08:01 300365                     /usr/share/java/eclipse-aether-api.jar
7f782d676000-7f782d678000 r--s 00001000 08:01 300647                     /usr/share/java/maven3-builder-support-3.3.9.jar
7f782d678000-7f782d67f000 r--s 00041000 08:01 300639                     /usr/share/java/maven3-compat-3.3.9.jar
7f782d67f000-7f782d6bf000 r--s 0024e000 08:01 300082                     /usr/share/java/bcprov-1.51.jar
7f782d6bf000-7f782d6c8000 r-xp 00000000 08:01 159775                     /usr/lib/jvm/java-8-openjdk-amd64/jre/lib/amd64/libmanagement.so
7f782d6c8000-7f782d8c7000 ---p 00009000 08:01 159775                     /usr/lib/jvm/java-8-openjdk-amd64/jre/lib/amd64/libmanagement.so
7f782d8c7000-7f782d8c8000 r--p 00008000 08:01 159775                     /usr/lib/jvm/java-8-openjdk-amd64/jre/lib/amd64/libmanagement.so
7f782d8c8000-7f782d8c9000 rw-p 00009000 08:01 159775                     /usr/lib/jvm/java-8-openjdk-amd64/jre/lib/amd64/libmanagement.so
7f782d8c9000-7f782d8ee000 r-xp 00000000 08:01 397966                     /lib/x86_64-linux-gnu/libtinfo.so.5.9
7f782d8ee000-7f782daed000 ---p 00025000 08:01 397966                     /lib/x86_64-linux-gnu/libtinfo.so.5.9
7f782daed000-7f782daf1000 r--p 00024000 08:01 397966                     /lib/x86_64-linux-gnu/libtinfo.so.5.9
7f782daf1000-7f782daf2000 rw-p 00028000 08:01 397966                     /lib/x86_64-linux-gnu/libtinfo.so.5.9
7f782daf2000-7f782daf5000 r-xp 00000000 08:01 399750                     /usr/lib/jni/libnative-platform-curses.so
7f782daf5000-7f782dcf4000 ---p 00003000 08:01 399750                     /usr/lib/jni/libnative-platform-curses.so
7f782dcf4000-7f782dcf5000 r--p 00002000 08:01 399750                     /usr/lib/jni/libnative-platform-curses.so
7f782dcf5000-7f782dcf6000 rw-p 00003000 08:01 399750                     /usr/lib/jni/libnative-platform-curses.so
7f782dcf6000-7f782dcf7000 r--s 00001000 08:01 300620                     /usr/share/java/wagon-file-2.x.jar
7f782dcf7000-7f782dcfa000 r--s 00007000 08:01 300646                     /usr/share/java/maven3-settings-builder-3.3.9.jar
7f782dcfa000-7f782dcfe000 r--s 00020000 08:01 300366                     /usr/share/java/eclipse-aether-util.jar
7f782dcfe000-7f782dd00000 r--s 00027000 08:01 300644                     /usr/share/java/maven3-model-3.3.9.jar
7f782dd00000-7f782dd01000 r--s 00006000 08:01 300622                     /usr/share/java/wagon-http-2.x.jar
7f782dd01000-7f782dd02000 r--s 0000a000 08:01 300637                     /usr/share/java/maven3-settings-3.3.9.jar
7f782dd02000-7f782dd03000 r--s 00001000 08:01 300627                     /usr/share/java/wagon-http-shared-2.x.jar
7f782dd03000-7f782dd0a000 r--s 0002f000 08:01 300443                     /usr/share/java/plexus-container-default-1.5.jar
7f782dd0a000-7f782dd0c000 r--s 0000b000 08:01 300291                     /usr/share/java/plexus-classworlds.jar
7f782dd0c000-7f782dd0e000 r--s 00002000 08:01 300431                     /usr/share/java/plexus-cipher.jar
7f782dd0e000-7f782dd10000 r--s 0000a000 08:01 300621                     /usr/share/java/wagon-provider-api-2.x.jar
7f782dd10000-7f782dd14000 r--s 00027000 08:01 300358                     /usr/share/java/eclipse-aether-impl.jar
7f782dd14000-7f782dd15000 r--s 00008000 08:01 300361                     /usr/share/java/eclipse-aether-connector-basic.jar
7f782dd15000-7f782dd17000 r--s 00006000 08:01 300363                     /usr/share/java/eclipse-aether-spi.jar
7f782dd17000-7f782dd1b000 r--s 00040000 08:01 299821                     /usr/share/java/jsch-0.1.53.jar
7f782dd1b000-7f782dd1f000 r--s 0001f000 08:01 299984                     /usr/share/java/xbean-reflect.jar
7f782dd1f000-7f782dd34000 r--s 00124000 08:01 299630                     /usr/share/java/ivy-2.3.0.jar
7f782dd34000-7f782dd37000 r-xp 00000000 08:01 399751                     /usr/lib/jni/libnative-platform.so
7f782dd37000-7f782df36000 ---p 00003000 08:01 399751                     /usr/lib/jni/libnative-platform.so
7f782df36000-7f782df37000 r--p 00002000 08:01 399751                     /usr/lib/jni/libnative-platform.so
7f782df37000-7f782df38000 rw-p 00003000 08:01 399751                     /usr/lib/jni/libnative-platform.so
7f782df38000-7f782df45000 r--s 0008d000 08:01 300640                     /usr/share/java/maven3-core-3.3.9.jar
7f782df45000-7f782df4a000 r--s 0002e000 08:01 300103                     /usr/share/java/gson.jar
7f782df4a000-7f782df65000 r--s 000c9000 08:01 300773                     /usr/share/java/gradle-dependency-management-2.10.jar
7f782df65000-7f782df69000 r--s 000a1000 08:01 159810                     /usr/lib/jvm/java-8-openjdk-amd64/jre/lib/jsse.jar
7f782df69000-7f782df70000 r--s 00000000 08:01 263599                     /usr/lib/x86_64-linux-gnu/gconv/gconv-modules.cache
7f782df70000-7f782df71000 r--s 00006000 08:01 300015                     /usr/share/java/gradle-wrapper-2.10.jar
7f782df71000-7f782df7d000 r--s 0003a000 08:01 300019                     /usr/share/java/gradle-tooling-api-2.10.jar
7f782df7d000-7f782df7f000 r--s 00002000 08:01 300009                     /usr/share/java/gradle-open-api-2.10.jar
7f782df7f000-7f782df85000 r--s 00031000 08:01 300059                     /usr/share/java/jaxen-1.1.6.jar
7f782df85000-7f782df8a000 r--s 0003f000 08:01 300064                     /usr/share/java/dom4j-1.6.1.jar
7f782df8a000-7f782df95000 r--s 00059000 08:01 300904                     /usr/share/java/gradle-ui-2.10.jar
7f782df95000-7f782df98000 r--s 00008000 08:01 300017                     /usr/share/java/gradle-resources-2.10.jar
7f782df98000-7f782dfa1000 r--s 0003f000 08:01 300014                     /usr/share/java/gradle-messaging-2.10.jar
7f782dfa1000-7f782dfa3000 r--s 00008000 08:01 300012                     /usr/share/java/gradle-native-2.10.jar
7f782dfa3000-7f782dfa5000 r--s 00005000 08:01 300010                     /usr/share/java/gradle-cli-2.10.jar
7f782dfa5000-7f782dfa6000 r--s 00007000 08:01 300008                     /usr/share/java/gradle-model-groovy-2.10.jar
7f782dfa6000-7f782dfa8000 r--s 00005000 08:01 300013                     /usr/share/java/gradle-base-services-groovy-2.10.jar
7f782dfa8000-7f782dfb6000 r--s 00072000 08:01 300011                     /usr/share/java/gradle-model-core-2.10.jar
7f782dfb6000-7f782dfb7000 r--s 00000000 08:01 300016                     /usr/share/java/gradle-docs-2.10.jar
7f782dfb7000-7f782dfbe000 r--s 00034000 08:01 300018                     /usr/share/java/gradle-base-services-2.10.jar
7f782dfbe000-7f782dff5000 r--s 001bb000 08:01 300007                     /usr/share/java/gradle-core-2.10.jar
7f782dff5000-7f782dfff000 r--s 0004a000 08:01 300905                     /usr/share/java/gradle-launcher-2.10.jar
7f782dfff000-7f782e000000 r--s 00004000 08:01 299426                     /usr/share/java/ant-launcher-1.9.6.jar
7f782e000000-7f782e01f000 r--s 001d3000 08:01 299425                     /usr/share/java/ant-1.9.6.jar
7f782e01f000-7f782e026000 r--s 00034000 08:01 300018                     /usr/share/java/gradle-base-services-2.10.jar
7f782e026000-7f782e028000 r--s 00004000 08:01 299849                     /usr/share/java/log4j-over-slf4j.jar
7f782e028000-7f782e02a000 r--s 00000000 08:01 299842                     /usr/share/java/jul-to-slf4j.jar
7f782e02a000-7f782e02c000 r--s 00003000 08:01 299843                     /usr/share/java/jcl-over-slf4j.jar
7f782e02c000-7f782e030000 r--s 0001c000 08:01 299811                     /usr/share/java/jarjar-1.4-SNAPSHOT.jar
7f782e030000-7f782e033000 r--s 00008000 08:01 300017                     /usr/share/java/gradle-resources-2.10.jar
7f782e033000-7f782e036000 r--s 0000c000 08:01 299957                     /usr/share/java/native-platform-0.10.jar
7f782e036000-7f782e03a000 r--s 00024000 08:01 299819                     /usr/share/java/jna-4.2.2.jar
7f782e03a000-7f782e03b000 r--s 00003000 08:01 299670                     /usr/share/java/hawtjni-runtime-1.10.jar
7f782e03b000-7f782e03c000 r--s 00001000 08:01 299673                     /usr/share/java/jansi-native-1.0.jar
7f782e03c000-7f782e03d000 r--s 00005000 08:01 299676                     /usr/share/java/jansi-1.4.jar
7f782e03d000-7f782e03f000 r--s 00008000 08:01 300012                     /usr/share/java/gradle-native-2.10.jar
7f782e03f000-7f782e040000 r--s 00007000 08:01 300008                     /usr/share/java/gradle-model-groovy-2.10.jar
7f782e040000-7f782e041000 r--s 00000000 08:01 299816                     /usr/share/java/jcip-annotations-1.0.jar
7f782e041000-7f782e04f000 r--s 00072000 08:01 300011                     /usr/share/java/gradle-model-core-2.10.jar
7f782e04f000-7f782e051000 r--s 0000c000 08:01 299651                     /usr/share/java/asm4-5.0.4.jar
7f782e051000-7f782e052000 r--s 00003000 08:01 299828                     /usr/share/java/reflectasm-1.05.jar
7f782e052000-7f782e054000 r--s 0000a000 08:01 299826                     /usr/share/java/objenesis.jar
7f782e054000-7f782e058000 r--s 00026000 08:01 299830                     /usr/share/java/kryo-2.20.jar
7f782e058000-7f782e061000 r--s 0003f000 08:01 300014                     /usr/share/java/gradle-messaging-2.10.jar
7f782e061000-7f782e063000 r--s 00005000 08:01 300010                     /usr/share/java/gradle-cli-2.10.jar
7f782e063000-7f782e0d3000 r--s 0063f000 08:01 299734                     /usr/share/java/groovy-all-2.x.jar
7f782e0d3000-7f782e0d5000 r--s 00007000 08:01 299848                     /usr/share/java/slf4j-api.jar
7f782e0d5000-7f782e101000 r--s 00208000 08:01 299799                     /usr/share/java/guava.jar
7f782e101000-7f782e108000 r--s 00034000 08:01 300018                     /usr/share/java/gradle-base-services-2.10.jar
7f782e108000-7f782e10d000 r--s 00040000 08:01 299795                     /usr/share/java/commons-lang-2.6.jar
7f782e10d000-7f782e111000 r--s 00027000 08:01 299793                     /usr/share/java/commons-io-2.4.jar
7f782e111000-7f782e11e000 r--s 00080000 08:01 299789                     /usr/share/java/commons-collections3-3.2.2.jar
7f782e11e000-7f782e124000 r--s 0003b000 08:01 299649                     /usr/share/java/asm4-all-5.0.4.jar
7f782e124000-7f782e143000 r--s 001d3000 08:01 299425                     /usr/share/java/ant-1.9.6.jar
7f782e143000-7f782e17a000 r--s 001bb000 08:01 300007                     /usr/share/java/gradle-core-2.10.jar
7f782e17a000-7f782e184000 r--s 0004a000 08:01 300905                     /usr/share/java/gradle-launcher-2.10.jar
7f782e184000-7f782e18e000 r--s 00116000 08:01 159843                     /usr/lib/jvm/java-8-openjdk-amd64/jre/lib/ext/localedata.jar
7f782e18e000-7f782e1a9000 r--s 00394000 08:01 159836                     /usr/lib/jvm/java-8-openjdk-amd64/jre/lib/ext/cldrdata.jar
7f782e1a9000-7f782e1c4000 r--s 001d6000 08:01 159837                     /usr/lib/jvm/java-8-openjdk-amd64/jre/lib/ext/nashorn.jar
7f782e1c4000-7f782e1c5000 ---p 00000000 00:00 0 
7f782e1c5000-7f782e2c5000 rw-p 00000000 00:00 0 
7f782e2c5000-7f782e2c8000 ---p 00000000 00:00 0 
7f782e2c8000-7f782e3c6000 rw-p 00000000 00:00 0 
7f782e3c6000-7f782e3c9000 ---p 00000000 00:00 0 
7f782e3c9000-7f782e4c7000 rw-p 00000000 00:00 0 
7f782e4c7000-7f782e4ca000 ---p 00000000 00:00 0 
7f782e4ca000-7f782e5c8000 rw-p 00000000 00:00 0 
7f782e5c8000-7f782e5cb000 ---p 00000000 00:00 0 
7f782e5cb000-7f782e6c9000 rw-p 00000000 00:00 0 
7f782e6c9000-7f782e6cc000 ---p 00000000 00:00 0 
7f782e6cc000-7f782e7ca000 rw-p 00000000 00:00 0 
7f782e7ca000-7f782eaa2000 r--p 00000000 08:01 10695                      /usr/lib/locale/locale-archive
7f782eaa2000-7f782eaa5000 ---p 00000000 00:00 0 
7f782eaa5000-7f782eba3000 rw-p 00000000 00:00 0 
7f782eba3000-7f782eba6000 ---p 00000000 00:00 0 
7f782eba6000-7f782eca4000 rw-p 00000000 00:00 0 
7f782eca4000-7f782eca5000 ---p 00000000 00:00 0 
7f782eca5000-7f7831000000 rw-p 00000000 00:00 0 
7f7831000000-7f7831900000 rwxp 00000000 00:00 0 
7f7831900000-7f7840000000 ---p 00000000 00:00 0 
7f7840000000-7f7841e40000 rw-p 00000000 00:00 0 
7f7841e40000-7f7844000000 ---p 00000000 00:00 0 
7f7844000000-7f7844001000 r--s 00000000 08:01 299824                     /usr/share/java/minlog-1.2.jar
7f7844001000-7f7844003000 r--s 00005000 08:01 300013                     /usr/share/java/gradle-base-services-groovy-2.10.jar
7f7844003000-7f7844008000 r--s 0003c000 08:01 159840                     /usr/lib/jvm/java-8-openjdk-amd64/jre/lib/ext/sunjce_provider.jar
7f7844008000-7f78444b1000 rw-p 00000000 00:00 0 
7f78444b1000-7f7844680000 r--s 03c3b000 08:01 159806                     /usr/lib/jvm/java-8-openjdk-amd64/jre/lib/rt.jar
7f7844680000-7f784506b000 rw-p 00000000 00:00 0 
7f784506b000-7f784506c000 ---p 00000000 00:00 0 
7f784506c000-7f784516c000 rw-p 00000000 00:00 0 
7f784516c000-7f784516d000 ---p 00000000 00:00 0 
7f784516d000-7f784526d000 rw-p 00000000 00:00 0 
7f784526d000-7f784526e000 ---p 00000000 00:00 0 
7f784526e000-7f784536e000 rw-p 00000000 00:00 0 
7f784536e000-7f784536f000 ---p 00000000 00:00 0 
7f784536f000-7f784547e000 rw-p 00000000 00:00 0 
7f784547e000-7f7845568000 ---p 00000000 00:00 0 
7f7845568000-7f7845577000 rw-p 00000000 00:00 0 
7f7845577000-7f7845660000 ---p 00000000 00:00 0 
7f7845660000-7f7845699000 rw-p 00000000 00:00 0 
7f7845699000-7f78456dd000 ---p 00000000 00:00 0 
7f78456dd000-7f7845702000 rw-p 00000000 00:00 0 
7f7845702000-7f7845a9e000 ---p 00000000 00:00 0 
7f7845a9e000-7f7845aa6000 r-xp 00000000 08:01 159805                     /usr/lib/jvm/java-8-openjdk-amd64/jre/lib/amd64/libzip.so
7f7845aa6000-7f7845ca5000 ---p 00008000 08:01 159805                     /usr/lib/jvm/java-8-openjdk-amd64/jre/lib/amd64/libzip.so
7f7845ca5000-7f7845ca6000 r--p 00007000 08:01 159805                     /usr/lib/jvm/java-8-openjdk-amd64/jre/lib/amd64/libzip.so
7f7845ca6000-7f7845ca7000 rw-p 00008000 08:01 159805                     /usr/lib/jvm/java-8-openjdk-amd64/jre/lib/amd64/libzip.so
7f7845ca7000-7f7845cb2000 r-xp 00000000 08:01 399056                     /lib/x86_64-linux-gnu/libnss_files-2.23.so
7f7845cb2000-7f7845eb1000 ---p 0000b000 08:01 399056                     /lib/x86_64-linux-gnu/libnss_files-2.23.so
7f7845eb1000-7f7845eb2000 r--p 0000a000 08:01 399056                     /lib/x86_64-linux-gnu/libnss_files-2.23.so
7f7845eb2000-7f7845eb3000 rw-p 0000b000 08:01 399056                     /lib/x86_64-linux-gnu/libnss_files-2.23.so
7f7845eb3000-7f7845eb9000 rw-p 00000000 00:00 0 
7f7845eb9000-7f7845ec4000 r-xp 00000000 08:01 399024                     /lib/x86_64-linux-gnu/libnss_nis-2.23.so
7f7845ec4000-7f78460c3000 ---p 0000b000 08:01 399024                     /lib/x86_64-linux-gnu/libnss_nis-2.23.so
7f78460c3000-7f78460c4000 r--p 0000a000 08:01 399024                     /lib/x86_64-linux-gnu/libnss_nis-2.23.so
7f78460c4000-7f78460c5000 rw-p 0000b000 08:01 399024                     /lib/x86_64-linux-gnu/libnss_nis-2.23.so
7f78460c5000-7f78460db000 r-xp 00000000 08:01 399054                     /lib/x86_64-linux-gnu/libnsl-2.23.so
7f78460db000-7f78462da000 ---p 00016000 08:01 399054                     /lib/x86_64-linux-gnu/libnsl-2.23.so
7f78462da000-7f78462db000 r--p 00015000 08:01 399054                     /lib/x86_64-linux-gnu/libnsl-2.23.so
7f78462db000-7f78462dc000 rw-p 00016000 08:01 399054                     /lib/x86_64-linux-gnu/libnsl-2.23.so
7f78462dc000-7f78462de000 rw-p 00000000 00:00 0 
7f78462de000-7f78462e6000 r-xp 00000000 08:01 399060                     /lib/x86_64-linux-gnu/libnss_compat-2.23.so
7f78462e6000-7f78464e5000 ---p 00008000 08:01 399060                     /lib/x86_64-linux-gnu/libnss_compat-2.23.so
7f78464e5000-7f78464e6000 r--p 00007000 08:01 399060                     /lib/x86_64-linux-gnu/libnss_compat-2.23.so
7f78464e6000-7f78464e7000 rw-p 00008000 08:01 399060                     /lib/x86_64-linux-gnu/libnss_compat-2.23.so
7f78464e7000-7f7846513000 r-xp 00000000 08:01 159786                     /usr/lib/jvm/java-8-openjdk-amd64/jre/lib/amd64/libjava.so
7f7846513000-7f7846712000 ---p 0002c000 08:01 159786                     /usr/lib/jvm/java-8-openjdk-amd64/jre/lib/amd64/libjava.so
7f7846712000-7f7846713000 r--p 0002b000 08:01 159786                     /usr/lib/jvm/java-8-openjdk-amd64/jre/lib/amd64/libjava.so
7f7846713000-7f7846715000 rw-p 0002c000 08:01 159786                     /usr/lib/jvm/java-8-openjdk-amd64/jre/lib/amd64/libjava.so
7f7846715000-7f7846724000 r-xp 00000000 08:01 159774                     /usr/lib/jvm/java-8-openjdk-amd64/jre/lib/amd64/libverify.so
7f7846724000-7f7846923000 ---p 0000f000 08:01 159774                     /usr/lib/jvm/java-8-openjdk-amd64/jre/lib/amd64/libverify.so
7f7846923000-7f7846925000 r--p 0000e000 08:01 159774                     /usr/lib/jvm/java-8-openjdk-amd64/jre/lib/amd64/libverify.so
7f7846925000-7f7846926000 rw-p 00010000 08:01 159774                     /usr/lib/jvm/java-8-openjdk-amd64/jre/lib/amd64/libverify.so
7f7846926000-7f784692d000 r-xp 00000000 08:01 398951                     /lib/x86_64-linux-gnu/librt-2.23.so
7f784692d000-7f7846b2c000 ---p 00007000 08:01 398951                     /lib/x86_64-linux-gnu/librt-2.23.so
7f7846b2c000-7f7846b2d000 r--p 00006000 08:01 398951                     /lib/x86_64-linux-gnu/librt-2.23.so
7f7846b2d000-7f7846b2e000 rw-p 00007000 08:01 398951                     /lib/x86_64-linux-gnu/librt-2.23.so
7f7846b2e000-7f7846b44000 r-xp 00000000 08:01 397832                     /lib/x86_64-linux-gnu/libgcc_s.so.1
7f7846b44000-7f7846d43000 ---p 00016000 08:01 397832                     /lib/x86_64-linux-gnu/libgcc_s.so.1
7f7846d43000-7f7846d44000 rw-p 00015000 08:01 397832                     /lib/x86_64-linux-gnu/libgcc_s.so.1
7f7846d44000-7f7846e4c000 r-xp 00000000 08:01 399062                     /lib/x86_64-linux-gnu/libm-2.23.so
7f7846e4c000-7f784704b000 ---p 00108000 08:01 399062                     /lib/x86_64-linux-gnu/libm-2.23.so
7f784704b000-7f784704c000 r--p 00107000 08:01 399062                     /lib/x86_64-linux-gnu/libm-2.23.so
7f784704c000-7f784704d000 rw-p 00108000 08:01 399062                     /lib/x86_64-linux-gnu/libm-2.23.so
7f784704d000-7f78471bf000 r-xp 00000000 08:01 207                        /usr/lib/x86_64-linux-gnu/libstdc++.so.6.0.21
7f78471bf000-7f78473bf000 ---p 00172000 08:01 207                        /usr/lib/x86_64-linux-gnu/libstdc++.so.6.0.21
7f78473bf000-7f78473c9000 r--p 00172000 08:01 207                        /usr/lib/x86_64-linux-gnu/libstdc++.so.6.0.21
7f78473c9000-7f78473cb000 rw-p 0017c000 08:01 207                        /usr/lib/x86_64-linux-gnu/libstdc++.so.6.0.21
7f78473cb000-7f78473cf000 rw-p 00000000 00:00 0 
7f78473cf000-7f7848033000 r-xp 00000000 08:01 159784                     /usr/lib/jvm/java-8-openjdk-amd64/jre/lib/amd64/server/libjvm.so
7f7848033000-7f7848232000 ---p 00c64000 08:01 159784                     /usr/lib/jvm/java-8-openjdk-amd64/jre/lib/amd64/server/libjvm.so
7f7848232000-7f78482c6000 r--p 00c63000 08:01 159784                     /usr/lib/jvm/java-8-openjdk-amd64/jre/lib/amd64/server/libjvm.so
7f78482c6000-7f78482ef000 rw-p 00cf7000 08:01 159784                     /usr/lib/jvm/java-8-openjdk-amd64/jre/lib/amd64/server/libjvm.so
7f78482ef000-7f784831f000 rw-p 00000000 00:00 0 
7f784831f000-7f7848337000 r-xp 00000000 08:01 398992                     /lib/x86_64-linux-gnu/libpthread-2.23.so
7f7848337000-7f7848536000 ---p 00018000 08:01 398992                     /lib/x86_64-linux-gnu/libpthread-2.23.so
7f7848536000-7f7848537000 r--p 00017000 08:01 398992                     /lib/x86_64-linux-gnu/libpthread-2.23.so
7f7848537000-7f7848538000 rw-p 00018000 08:01 398992                     /lib/x86_64-linux-gnu/libpthread-2.23.so
7f7848538000-7f784853c000 rw-p 00000000 00:00 0 
7f784853c000-7f784853f000 r-xp 00000000 08:01 398981                     /lib/x86_64-linux-gnu/libdl-2.23.so
7f784853f000-7f784873e000 ---p 00003000 08:01 398981                     /lib/x86_64-linux-gnu/libdl-2.23.so
7f784873e000-7f784873f000 r--p 00002000 08:01 398981                     /lib/x86_64-linux-gnu/libdl-2.23.so
7f784873f000-7f7848740000 rw-p 00003000 08:01 398981                     /lib/x86_64-linux-gnu/libdl-2.23.so
7f7848740000-7f7848759000 r-xp 00000000 08:01 397985                     /lib/x86_64-linux-gnu/libz.so.1.2.8
7f7848759000-7f7848958000 ---p 00019000 08:01 397985                     /lib/x86_64-linux-gnu/libz.so.1.2.8
7f7848958000-7f7848959000 r--p 00018000 08:01 397985                     /lib/x86_64-linux-gnu/libz.so.1.2.8
7f7848959000-7f784895a000 rw-p 00019000 08:01 397985                     /lib/x86_64-linux-gnu/libz.so.1.2.8
7f784895a000-7f7848b1a000 r-xp 00000000 08:01 399059                     /lib/x86_64-linux-gnu/libc-2.23.so
7f7848b1a000-7f7848d1a000 ---p 001c0000 08:01 399059                     /lib/x86_64-linux-gnu/libc-2.23.so
7f7848d1a000-7f7848d1e000 r--p 001c0000 08:01 399059                     /lib/x86_64-linux-gnu/libc-2.23.so
7f7848d1e000-7f7848d20000 rw-p 001c4000 08:01 399059                     /lib/x86_64-linux-gnu/libc-2.23.so
7f7848d20000-7f7848d24000 rw-p 00000000 00:00 0 
7f7848d24000-7f7848d31000 r-xp 00000000 08:01 159804                     /usr/lib/jvm/java-8-openjdk-amd64/jre/lib/amd64/jli/libjli.so
7f7848d31000-7f7848f30000 ---p 0000d000 08:01 159804                     /usr/lib/jvm/java-8-openjdk-amd64/jre/lib/amd64/jli/libjli.so
7f7848f30000-7f7848f31000 r--p 0000c000 08:01 159804                     /usr/lib/jvm/java-8-openjdk-amd64/jre/lib/amd64/jli/libjli.so
7f7848f31000-7f7848f32000 rw-p 0000d000 08:01 159804                     /usr/lib/jvm/java-8-openjdk-amd64/jre/lib/amd64/jli/libjli.so
7f7848f32000-7f7848f58000 r-xp 00000000 08:01 398987                     /lib/x86_64-linux-gnu/ld-2.23.so
7f7848f58000-7f7848f59000 r--s 00000000 08:01 300016                     /usr/share/java/gradle-docs-2.10.jar
7f7848f59000-7f7849039000 rw-p 00000000 00:00 0 
7f7849039000-7f784903c000 ---p 00000000 00:00 0 
7f784903c000-7f784913e000 rw-p 00000000 00:00 0 
7f784913e000-7f784913f000 r--s 00000000 08:01 299786                     /usr/share/java/atinject-jsr330-api-1.0.jar
7f784913f000-7f7849140000 r--s 00004000 08:01 299426                     /usr/share/java/ant-launcher-1.9.6.jar
7f7849140000-7f7849142000 r--s 00008000 08:01 159839                     /usr/lib/jvm/java-8-openjdk-amd64/jre/lib/ext/sunec.jar
7f7849142000-7f7849143000 r--s 0000a000 08:01 159841                     /usr/lib/jvm/java-8-openjdk-amd64/jre/lib/ext/jaccess.jar
7f7849143000-7f7849144000 r--s 00010000 08:01 159838                     /usr/lib/jvm/java-8-openjdk-amd64/jre/lib/ext/zipfs.jar
7f7849144000-7f7849147000 r--s 0000f000 08:01 159835                     /usr/lib/jvm/java-8-openjdk-amd64/jre/lib/ext/icedtea-sound.jar
7f7849147000-7f7849149000 r--s 00001000 08:01 159842                     /usr/lib/jvm/java-8-openjdk-amd64/jre/lib/ext/dnsns.jar
7f7849149000-7f784914c000 r--s 00039000 08:01 159844                     /usr/lib/jvm/java-8-openjdk-amd64/jre/lib/ext/sunpkcs11.jar
7f784914c000-7f7849154000 rw-s 00000000 08:01 410328                     /tmp/hsperfdata_edwin/9386
7f7849154000-7f7849155000 rw-p 00000000 00:00 0 
7f7849155000-7f7849156000 ---p 00000000 00:00 0 
7f7849156000-7f7849157000 rw-p 00000000 00:00 0 
7f7849157000-7f7849158000 r--p 00025000 08:01 398987                     /lib/x86_64-linux-gnu/ld-2.23.so
7f7849158000-7f7849159000 rw-p 00026000 08:01 398987                     /lib/x86_64-linux-gnu/ld-2.23.so
7f7849159000-7f784915a000 rw-p 00000000 00:00 0 
7ffcd1664000-7ffcd1685000 rw-p 00000000 00:00 0                          [stack]
7ffcd177a000-7ffcd177d000 r--p 00000000 00:00 0                          [vvar]
7ffcd177d000-7ffcd177f000 r-xp 00000000 00:00 0                          [vdso]
ffffffffff600000-ffffffffff601000 r-xp 00000000 00:00 0                  [vsyscall]

VM Arguments:
jvm_args: -Dorg.gradle.appname=gradle 
java_command: org.gradle.launcher.GradleMain run
java_class_path (initial): /usr/share/gradle/lib/gradle-launcher-2.10.jar
Launcher Type: SUN_STANDARD

Environment Variables:
PATH=/home/edwin/bin:/home/edwin/.local/bin:/usr/local/sbin:/usr/local/bin:/usr/sbin:/usr/bin:/sbin:/bin:/usr/games:/usr/local/games:/snap/bin
SHELL=/bin/bash
DISPLAY=:0

Signal Handlers:
SIGSEGV: [libjvm.so+0xa765a0], sa_mask[0]=11111111011111111101111111111110, sa_flags=SA_RESTART|SA_SIGINFO
SIGBUS: [libjvm.so+0xa765a0], sa_mask[0]=11111111011111111101111111111110, sa_flags=SA_RESTART|SA_SIGINFO
SIGFPE: [libjvm.so+0x8bd800], sa_mask[0]=11111111011111111101111111111110, sa_flags=SA_RESTART|SA_SIGINFO
SIGPIPE: [libjvm.so+0x8bd800], sa_mask[0]=11111111011111111101111111111110, sa_flags=SA_RESTART|SA_SIGINFO
SIGXFSZ: [libjvm.so+0x8bd800], sa_mask[0]=11111111011111111101111111111110, sa_flags=SA_RESTART|SA_SIGINFO
SIGILL: [libjvm.so+0x8bd800], sa_mask[0]=11111111011111111101111111111110, sa_flags=SA_RESTART|SA_SIGINFO
SIGUSR1: SIG_DFL, sa_mask[0]=00000000000000000000000000000000, sa_flags=none
SIGUSR2: [libjvm.so+0x8bd6b0], sa_mask[0]=00000000000000000000000000000000, sa_flags=SA_RESTART|SA_SIGINFO
SIGHUP: [libjvm.so+0x8bdd40], sa_mask[0]=11111111011111111101111111111110, sa_flags=SA_RESTART|SA_SIGINFO
SIGINT: [libjvm.so+0x8bdd40], sa_mask[0]=11111111011111111101111111111110, sa_flags=SA_RESTART|SA_SIGINFO
SIGTERM: [libjvm.so+0x8bdd40], sa_mask[0]=11111111011111111101111111111110, sa_flags=SA_RESTART|SA_SIGINFO
SIGQUIT: [libjvm.so+0x8bdd40], sa_mask[0]=11111111011111111101111111111110, sa_flags=SA_RESTART|SA_SIGINFO


---------------  S Y S T E M  ---------------

OS:DISTRIB_ID=Ubuntu
DISTRIB_RELEASE=16.04
DISTRIB_CODENAME=xenial
DISTRIB_DESCRIPTION="Ubuntu 16.04.6 LTS"

uname:Linux 4.15.0-54-generic #58~16.04.1-Ubuntu SMP Mon Jun 24 13:21:41 UTC 2019 x86_64
libc:glibc 2.23 NPTL 2.23 
rlimit: STACK 8192k, CORE 0k, NPROC 11676, NOFILE 1048576, AS infinity
load average:3.05 3.41 1.89

/proc/meminfo:
MemTotal:        3049476 kB
MemFree:           57460 kB
MemAvailable:       6724 kB
Buffers:             796 kB
Cached:           147572 kB
SwapCached:         5804 kB
Active:          2001200 kB
Inactive:         509284 kB
Active(anon):    1996692 kB
Inactive(anon):   499176 kB
Active(file):       4508 kB
Inactive(file):    10108 kB
Unevictable:          48 kB
Mlocked:              48 kB
SwapTotal:        998396 kB
SwapFree:              0 kB
Dirty:                48 kB
Writeback:             0 kB
AnonPages:       2356832 kB
Mapped:           143124 kB
Shmem:            133412 kB
Slab:             108012 kB
SReclaimable:      42280 kB
SUnreclaim:        65732 kB
KernelStack:       16208 kB
PageTables:        48700 kB
NFS_Unstable:          0 kB
Bounce:                0 kB
WritebackTmp:          0 kB
CommitLimit:     2523132 kB
Committed_AS:    7861912 kB
VmallocTotal:   34359738367 kB
VmallocUsed:           0 kB
VmallocChunk:          0 kB
HardwareCorrupted:     0 kB
AnonHugePages:         0 kB
ShmemHugePages:        0 kB
ShmemPmdMapped:        0 kB
CmaTotal:              0 kB
CmaFree:               0 kB
HugePages_Total:       0
HugePages_Free:        0
HugePages_Rsvd:        0
HugePages_Surp:        0
Hugepagesize:       2048 kB
DirectMap4k:      169856 kB
DirectMap2M:     2975744 kB
DirectMap1G:           0 kB

container (cgroup) information:
container_type: cgroupv1
cpu_cpuset_cpus: 0-3
cpu_memory_nodes: 0
active_processor_count: 4
cpu_quota: -1
cpu_period: 100000
cpu_shares: -1
memory_limit_in_bytes: -1
memory_and_swap_limit_in_bytes: -2
memory_soft_limit_in_bytes: -1
memory_usage_in_bytes: 2564960256
memory_max_usage_in_bytes: 46190592


CPU:total 4 (initial active 4) (2 cores per cpu, 1 threads per core) family 6 model 158 stepping 9, cmov, cx8, fxsr, mmx, sse, sse2, sse3, ssse3, sse4.1, sse4.2, popcnt, avx, avx2, aes, clmul, erms, 3dnowpref, lzcnt, tsc, tscinvbit, bmi1, bmi2, adx

/proc/cpuinfo:
processor	: 0
vendor_id	: GenuineIntel
cpu family	: 6
model		: 158
model name	: Intel(R) Core(TM) i7-7700HQ CPU @ 2.80GHz
stepping	: 9
microcode	: 0x8e
cpu MHz		: 2808.006
cache size	: 6144 KB
physical id	: 0
siblings	: 2
core id		: 0
cpu cores	: 2
apicid		: 0
initial apicid	: 0
fpu		: yes
fpu_exception	: yes
cpuid level	: 22
wp		: yes
flags		: fpu vme de pse tsc msr pae mce cx8 apic sep mtrr pge mca cmov pat pse36 clflush mmx fxsr sse sse2 ss ht syscall nx pdpe1gb rdtscp lm constant_tsc arch_perfmon nopl xtopology tsc_reliable nonstop_tsc cpuid pni pclmulqdq vmx ssse3 fma cx16 pcid sse4_1 sse4_2 x2apic movbe popcnt tsc_deadline_timer aes xsave avx f16c rdrand hypervisor lahf_lm abm 3dnowprefetch cpuid_fault invpcid_single pti ssbd ibrs ibpb stibp tpr_shadow vnmi ept vpid fsgsbase tsc_adjust bmi1 avx2 smep bmi2 invpcid mpx rdseed adx smap clflushopt xsaveopt xsavec xsaves arat flush_l1d arch_capabilities
bugs		: cpu_meltdown spectre_v1 spectre_v2 spec_store_bypass l1tf mds
bogomips	: 5616.01
clflush size	: 64
cache_alignment	: 64
address sizes	: 43 bits physical, 48 bits virtual
power management:

processor	: 1
vendor_id	: GenuineIntel
cpu family	: 6
model		: 158
model name	: Intel(R) Core(TM) i7-7700HQ CPU @ 2.80GHz
stepping	: 9
microcode	: 0x8e
cpu MHz		: 2808.006
cache size	: 6144 KB
physical id	: 0
siblings	: 2
core id		: 1
cpu cores	: 2
apicid		: 1
initial apicid	: 1
fpu		: yes
fpu_exception	: yes
cpuid level	: 22
wp		: yes
flags		: fpu vme de pse tsc msr pae mce cx8 apic sep mtrr pge mca cmov pat pse36 clflush mmx fxsr sse sse2 ss ht syscall nx pdpe1gb rdtscp lm constant_tsc arch_perfmon nopl xtopology tsc_reliable nonstop_tsc cpuid pni pclmulqdq vmx ssse3 fma cx16 pcid sse4_1 sse4_2 x2apic movbe popcnt tsc_deadline_timer aes xsave avx f16c rdrand hypervisor lahf_lm abm 3dnowprefetch cpuid_fault invpcid_single pti ssbd ibrs ibpb stibp tpr_shadow vnmi ept vpid fsgsbase tsc_adjust bmi1 avx2 smep bmi2 invpcid mpx rdseed adx smap clflushopt xsaveopt xsavec xsaves arat flush_l1d arch_capabilities
bugs		: cpu_meltdown spectre_v1 spectre_v2 spec_store_bypass l1tf mds
bogomips	: 5616.01
clflush size	: 64
cache_alignment	: 64
address sizes	: 43 bits physical, 48 bits virtual
power management:

processor	: 2
vendor_id	: GenuineIntel
cpu family	: 6
model		: 158
model name	: Intel(R) Core(TM) i7-7700HQ CPU @ 2.80GHz
stepping	: 9
microcode	: 0x8e
cpu MHz		: 2808.006
cache size	: 6144 KB
physical id	: 1
siblings	: 2
core id		: 0
cpu cores	: 2
apicid		: 2
initial apicid	: 2
fpu		: yes
fpu_exception	: yes
cpuid level	: 22
wp		: yes
flags		: fpu vme de pse tsc msr pae mce cx8 apic sep mtrr pge mca cmov pat pse36 clflush mmx fxsr sse sse2 ss ht syscall nx pdpe1gb rdtscp lm constant_tsc arch_perfmon nopl xtopology tsc_reliable nonstop_tsc cpuid pni pclmulqdq vmx ssse3 fma cx16 pcid sse4_1 sse4_2 x2apic movbe popcnt tsc_deadline_timer aes xsave avx f16c rdrand hypervisor lahf_lm abm 3dnowprefetch cpuid_fault invpcid_single pti ssbd ibrs ibpb stibp tpr_shadow vnmi ept vpid fsgsbase tsc_adjust bmi1 avx2 smep bmi2 invpcid mpx rdseed adx smap clflushopt xsaveopt xsavec xsaves arat flush_l1d arch_capabilities
bugs		: cpu_meltdown spectre_v1 spectre_v2 spec_store_bypass l1tf mds
bogomips	: 5616.01
clflush size	: 64
cache_alignment	: 64
address sizes	: 43 bits physical, 48 bits virtual
power management:

processor	: 3
vendor_id	: GenuineIntel
cpu family	: 6
model		: 158
model name	: Intel(R) Core(TM) i7-7700HQ CPU @ 2.80GHz
stepping	: 9
microcode	: 0x8e
cpu MHz		: 2808.006
cache size	: 6144 KB
physical id	: 1
siblings	: 2
core id		: 1
cpu cores	: 2
apicid		: 3
initial apicid	: 3
fpu		: yes
fpu_exception	: yes
cpuid level	: 22
wp		: yes
flags		: fpu vme de pse tsc msr pae mce cx8 apic sep mtrr pge mca cmov pat pse36 clflush mmx fxsr sse sse2 ss ht syscall nx pdpe1gb rdtscp lm constant_tsc arch_perfmon nopl xtopology tsc_reliable nonstop_tsc cpuid pni pclmulqdq vmx ssse3 fma cx16 pcid sse4_1 sse4_2 x2apic movbe popcnt tsc_deadline_timer aes xsave avx f16c rdrand hypervisor lahf_lm abm 3dnowprefetch cpuid_fault invpcid_single pti ssbd ibrs ibpb stibp tpr_shadow vnmi ept vpid fsgsbase tsc_adjust bmi1 avx2 smep bmi2 invpcid mpx rdseed adx smap clflushopt xsaveopt xsavec xsaves arat flush_l1d arch_capabilities
bugs		: cpu_meltdown spectre_v1 spectre_v2 spec_store_bypass l1tf mds
bogomips	: 5616.01
clflush size	: 64
cache_alignment	: 64
address sizes	: 43 bits physical, 48 bits virtual
power management:



Memory: 4k page, physical 3049476k(58848k free), swap 998396k(0k free)

vm_info: OpenJDK 64-Bit Server VM (25.212-b03) for linux-amd64 JRE (1.8.0_212-8u212-b03-0ubuntu1.16.04.1-b03), built on Apr 26 2019 02:02:50 by "buildd" with gcc 5.4.0 20160609

time: Mon Jul 22 11:37:33 2019
timezone: PDT
elapsed time: 6 seconds (0d 0h 0m 6s)

